\BOOKMARK [1][-]{section.1}{Introduction}{}% 1
\BOOKMARK [2][-]{subsection.1.1}{Restatement of the Problem}{section.1}% 2
\BOOKMARK [2][-]{subsection.1.2}{Overview of Our Work}{section.1}% 3
\BOOKMARK [2][-]{subsection.1.3}{Assumptions}{section.1}% 4
\BOOKMARK [2][-]{subsection.1.4}{Notation}{section.1}% 5
\BOOKMARK [1][-]{section.2}{Skywave Propagation on the Ocean}{}% 6
\BOOKMARK [2][-]{subsection.2.1}{Model for Calm Ocean}{section.2}% 7
\BOOKMARK [3][-]{subsubsection.2.1.1}{Find Maximum Usable Frequency}{subsection.2.1}% 8
\BOOKMARK [3][-]{subsubsection.2.1.2}{Field Strength Calculation}{subsection.2.1}% 9
\BOOKMARK [3][-]{subsubsection.2.1.3}{Intensity of the First Reflection of the Calm Ocean}{subsection.2.1}% 10
\BOOKMARK [2][-]{subsection.2.2}{Model for Turbulent Ocean}{section.2}% 11
\BOOKMARK [3][-]{subsubsection.2.2.1}{Calculate Reflection Loss}{subsection.2.2}% 12
\BOOKMARK [3][-]{subsubsection.2.2.2}{Intensity of the First Reflection of the Turbulent Ocean}{subsection.2.2}% 13
\BOOKMARK [2][-]{subsection.2.3}{Maximum Number of Hop}{section.2}% 14
\BOOKMARK [2][-]{subsection.2.4}{Sensitivity Analysis}{section.2}% 15
\BOOKMARK [3][-]{subsubsection.2.4.1}{ Frequency and SNR}{subsection.2.4}% 16
\BOOKMARK [3][-]{subsubsection.2.4.2}{Atmospheric Noise Intensity and SNR}{subsection.2.4}% 17
\BOOKMARK [1][-]{section.3}{Reflex on the Ground}{}% 18
\BOOKMARK [2][-]{subsection.3.1}{HF Reflections off Smooth Terrain}{section.3}% 19
\BOOKMARK [2][-]{subsection.3.2}{HF Reflections off Mountainous Terrain}{section.3}% 20
\BOOKMARK [2][-]{subsection.3.3}{Analysis the Results}{section.3}% 21
\BOOKMARK [2][-]{subsection.3.4}{Sensitivity Analysis}{section.3}% 22
\BOOKMARK [3][-]{subsubsection.3.4.1}{Frequency and SNR}{subsection.3.4}% 23
\BOOKMARK [3][-]{subsubsection.3.4.2}{Height and SNR}{subsection.3.4}% 24
\BOOKMARK [1][-]{section.4}{HF Propagation of the Moving Ship on the Ocean }{}% 25
\BOOKMARK [2][-]{subsection.4.1}{Groundwave Propagation}{section.4}% 26
\BOOKMARK [2][-]{subsection.4.2}{Calculate Time of Propagation}{section.4}% 27
\BOOKMARK [1][-]{section.5}{Strengths and Weakness}{}% 28
\BOOKMARK [2][-]{subsection.5.1}{Strengths}{section.5}% 29
\BOOKMARK [2][-]{subsection.5.2}{Weakness}{section.5}% 30
\BOOKMARK [1][-]{section.6}{Skywave Propagation Model Against the Ocean and Terrain}{}% 31
\BOOKMARK [1][-]{section*.11}{Appendices}{}% 32
\BOOKMARK [1][-]{Appendix.a.A}{Appendix Source Code of Model Solution }{}% 33
